<?xml version="1.0" encoding="UTF-8"?>
<testsuite name="JUnit Jupiter" tests="3" skipped="0" failures="1" errors="0" time="37.945" hostname="ip-10-0-51-74" timestamp="2024-10-11T19:29:58">
<properties>
<property name="aws.account.id" value="575653897988"/>
<property name="aws.region" value="us-east-1"/>
<property name="contrast.acceptance-tests.agent.path" value="/home/ec2-user/actions-runner/_work/java-agent/java-agent/contrast-agent/build/libs/contrast-agent-6.10.1.126.jar"/>
<property name="contrast.acceptance-tests.container-logs-dir" value="/home/ec2-user/actions-runner/_work/java-agent/java-agent/acceptance-tests/build/reports/container-logs"/>
<property name="contrast.acceptance-tests.host-resources.path" value="/home/ec2-user/actions-runner/_work/java-agent/java-agent/acceptance-tests/build/host-resources/"/>
<property name="contrast.acceptance-tests.max-concurrent-test-applications" value="57"/>
<property name="contrast.acceptance-tests.reporting.test-results-dir" value="/home/ec2-user/actions-runner/_work/java-agent/java-agent/acceptance-tests/build/test-results/acceptanceTest"/>
<property name="contrast.acceptance-tests.reporting.timeline-report-json" value="/home/ec2-user/actions-runner/_work/java-agent/java-agent/acceptance-tests/build/reports/acceptance-tests-timeline.json"/>
<property name="contrast.cloud.test.s3.bucket" value="test-application-cloud-test-artifacts"/>
<property name="contrast.s3.run.path" value="actions/runs/11297893277/attempts/8/iterations12/acceptance-test-artifacts/"/>
<property name="contrast.test-classification.agent-version" value="6.10.1.126"/>
<property name="file.encoding" value="UTF-8"/>
<property name="file.separator" value="/"/>
<property name="java.class.path" value="/home/ec2-user/.gradle/caches/8.10.2/workerMain/gradle-worker.jar:/home/ec2-user/actions-runner/_work/java-agent/java-agent/acceptance-tests/build/classes/java/main:/home/ec2-user/actions-runner/_work/java-agent/java-agent/acceptance-tests/build/classes/java/acceptanceTest:/home/ec2-user/actions-runner/_work/java-agent/java-agent/acceptance-tests/build/resources/acceptanceTest:/home/ec2-user/actions-runner/_work/java-agent/java-agent/contrast-agent-messages/build/libs/contrast-agent-messages-6.10.1.126.jar:/home/ec2-user/actions-runner/_work/java-agent/java-agent/jfr-analysis/build/libs/jfr-analysis-6.10.1.126.jar:/home/ec2-user/actions-runner/_work/java-agent/java-agent/contrast-agent-commons/source/build/libs/source-6.10.1.126.jar:/home/ec2-user/actions-runner/_work/java-agent/java-agent/contrast-agent-testing/assertj/build/libs/assertj-6.10.1.126.jar:/home/ec2-user/actions-runner/_work/java-agent/java-agent/contrast-agent-testing/utilities/build/libs/utilities-6.10.1.126.jar:/home/ec2-user/actions-runner/_work/java-agent/java-agent/build-shared/build/libs/build-shared-6.10.1.126.jar:/home/ec2-user/.gradle/caches/modules-2/files-2.1/software.amazon.awssdk/s3/2.13.6/c8051eab71cd8596d4b9caf864cbd4e1f6a055a4/s3-2.13.6.jar:/home/ec2-user/.gradle/caches/modules-2/files-2.1/software.amazon.awssdk/sts/2.13.6/bc42322d4013e3803cb6f7cbf40f6db04ee37dcf/sts-2.13.6.jar:/home/ec2-user/.gradle/caches/modules-2/files-2.1/org.junit.jupiter/junit-jupiter/5.9.0/db1cd1cd9e3138cf9e5ecb12a2ccc9cfbdf6a1d/junit-jupiter-5.9.0.jar:/home/ec2-user/.gradle/caches/modules-2/files-2.1/org.junit.jupiter/junit-jupiter-params/5.9.0/d6b6ccd3585351f617b06f066675271afebe9b28/junit-jupiter-params-5.9.0.jar:/home/ec2-user/.gradle/caches/modules-2/files-2.1/org.junit.jupiter/junit-jupiter-engine/5.9.0/cc1cb5efae97493dcffb687253a0964ad2e7b99/junit-jupiter-engine-5.9.0.jar:/home/ec2-user/.gradle/caches/modules-2/files-2.1/org.junit.jupiter/junit-jupiter-api/5.9.0/a44f7eba3ea214f6ec87ad9fccd3b2ac4681a4/junit-jupiter-api-5.9.0.jar:/home/ec2-user/.gradle/caches/modules-2/files-2.1/org.junit.platform/junit-platform-testkit/1.9.0/21e1e46b9c15ff18d4823099898d73bbd7b4e8d9/junit-platform-testkit-1.9.0.jar:/home/ec2-user/.gradle/caches/modules-2/files-2.1/org.junit.platform/junit-platform-launcher/1.9.0/367a24bb63baca99a181ea921da8e21af0656e7c/junit-platform-launcher-1.9.0.jar:/home/ec2-user/.gradle/caches/modules-2/files-2.1/org.junit.platform/junit-platform-engine/1.9.0/bd46891f01817b5ffdd368cb0482a34746610acb/junit-platform-engine-1.9.0.jar:/home/ec2-user/.gradle/caches/modules-2/files-2.1/org.junit.platform/junit-platform-commons/1.9.0/b727889107fc28c7460b21d1083212f8ce7602c6/junit-platform-commons-1.9.0.jar:/home/ec2-user/.gradle/caches/modules-2/files-2.1/com.contrastsecurity/java-sarif/1.0/642240e7bf1fd1f1d8ef22ee1471693fdef504e7/java-sarif-1.0.jar:/home/ec2-user/.gradle/caches/modules-2/files-2.1/com.rabbitmq/amqp-client/5.7.1/747f54e5a70dfc5037a5695c0611dbfa72fe410c/amqp-client-5.7.1.jar:/home/ec2-user/.gradle/caches/modules-2/files-2.1/org.apache.commons/commons-pool2/2.9.0/58e9e8bbd29cf3e7861cb80c0a615770baffe840/commons-pool2-2.9.0.jar:/home/ec2-user/.gradle/caches/modules-2/files-2.1/org.assertj/assertj-core/3.23.1/d2bb60570f5b3d7ffa8f8000118c9c07b86eca93/assertj-core-3.23.1.jar:/home/ec2-user/.gradle/caches/modules-2/files-2.1/com.nurkiewicz.asyncretry/asyncretry/0.0.7/c92cc3b03790d62559764c85d84a7929d8e2fcf2/asyncretry-0.0.7.jar:/home/ec2-user/.gradle/caches/modules-2/files-2.1/com.google.code.gson/gson/2.10.1/b3add478d4382b78ea20b1671390a858002feb6c/gson-2.10.1.jar:/home/ec2-user/.gradle/caches/modules-2/files-2.1/com.github.docker-java/docker-java/3.2.13/d1f8b31f74db0b3cc3f684bb76da940b4e2b65e5/docker-java-3.2.13.jar:/home/ec2-user/.gradle/caches/modules-2/files-2.1/com.github.docker-java/docker-java-transport-jersey/3.2.13/5a26162dbc6cc33e4b6915bee5158c5fb7cfe08b/docker-java-transport-jersey-3.2.13.jar:/home/ec2-user/.gradle/caches/modules-2/files-2.1/com.github.docker-java/docker-java-transport-netty/3.2.13/b910c043f81ba626069b45874ba4b3fa8e0960d1/docker-java-transport-netty-3.2.13.jar:/home/ec2-user/.gradle/caches/modules-2/files-2.1/com.github.docker-java/docker-java-core/3.2.13/5a3af141f152d36aad519c7b3915251111592b60/docker-java-core-3.2.13.jar:/home/ec2-user/.gradle/caches/modules-2/files-2.1/com.google.guava/guava/27.0.1-jre/bd41a290787b5301e63929676d792c507bbc00ae/guava-27.0.1-jre.jar:/home/ec2-user/.gradle/caches/modules-2/files-2.1/com.github.docker-java/docker-java-transport-httpclient5/3.2.13/921d8f5a7f272e5eb113d5643e51cb0f02053259/docker-java-transport-httpclient5-3.2.13.jar:/home/ec2-user/.gradle/caches/modules-2/files-2.1/com.squareup.okhttp3/logging-interceptor/4.9.1/e4c20c4ce426bc4df018b60e92e0362101b448/logging-interceptor-4.9.1.jar:/home/ec2-user/.gradle/caches/modules-2/files-2.1/com.squareup.okhttp3/okhttp/4.9.1/51215279c3fe472c59b6b7dd7491e6ac2e28a81b/okhttp-4.9.1.jar:/home/ec2-user/.gradle/caches/modules-2/files-2.1/org.zeroturnaround/zt-exec/1.11/ee0092fd27178e1a966aa90771478338aa0c8f05/zt-exec-1.11.jar:/home/ec2-user/.gradle/caches/modules-2/files-2.1/com.contrastsecurity/yamlbeans/1.17/f53ac99dd794d1a35d45e76f1c09ab878fc49c98/yamlbeans-1.17.jar:/home/ec2-user/.gradle/caches/modules-2/files-2.1/org.apache.commons/commons-text/1.10.0/3363381aef8cef2dbc1023b3e3a9433b08b64e01/commons-text-1.10.0.jar:/home/ec2-user/.gradle/caches/modules-2/files-2.1/com.github.package-url/packageurl-java/1.4.1/a0d1009191c1cf6b04f40d26e4717596f3a90e0/packageurl-java-1.4.1.jar:/home/ec2-user/.gradle/caches/modules-2/files-2.1/org.slf4j/slf4j-jdk14/1.7.32/4d5bdc7da49cd69c25f7eed5ae0b259358c7edeb/slf4j-jdk14-1.7.32.jar:/home/ec2-user/.gradle/caches/modules-2/files-2.1/io.bretty/console-table-builder/1.2/657284f977274d2e26363850ece1fe1854f1c456/console-table-builder-1.2.jar:/home/ec2-user/.gradle/caches/modules-2/files-2.1/com.github.chewiebug/gcviewer/1.35/ea5cbe4fcd345eb90c30c6fdef582ee22e39a148/gcviewer-1.35.jar:/home/ec2-user/.gradle/caches/modules-2/files-2.1/com.github.bwaldvogel/base91/ee832f6/66dfa69c28f493d58d5c227cab00f7a4961e8c57/base91-ee832f6.jar:/home/ec2-user/.gradle/caches/modules-2/files-2.1/org.jsoup/jsoup/1.13.1/f9577f3732bb7caa4fee8aba5053158f4010c118/jsoup-1.13.1.jar:/home/ec2-user/.gradle/caches/modules-2/files-2.1/javax.ws.rs/javax.ws.rs-api/2.0/61f0983eb190954ccdede31e786a9e0bd9767c4a/javax.ws.rs-api-2.0.jar:/home/ec2-user/.gradle/caches/modules-2/files-2.1/javax.servlet.jsp/javax.servlet.jsp-api/2.3.1/95c630902565feda8155eb32d46064ef348435fc/javax.servlet.jsp-api-2.3.1.jar:/home/ec2-user/.gradle/caches/modules-2/files-2.1/javax.xml.bind/jaxb-api/2.3.1/8531ad5ac454cc2deb9d4d32c40c4d7451939b5d/jaxb-api-2.3.1.jar:/home/ec2-user/.gradle/caches/modules-2/files-2.1/software.amazon.awssdk/aws-xml-protocol/2.13.6/23d8aae50a7917073e4dcb0bc65676e13dd7f1bd/aws-xml-protocol-2.13.6.jar:/home/ec2-user/.gradle/caches/modules-2/files-2.1/software.amazon.awssdk/aws-query-protocol/2.13.6/a16e7a041dbd9411941968c19d8d8ad1dcdc1dc4/aws-query-protocol-2.13.6.jar:/home/ec2-user/.gradle/caches/modules-2/files-2.1/software.amazon.awssdk/protocol-core/2.13.6/38dfb69e024785335cb155c4d198eab5f771579/protocol-core-2.13.6.jar:/home/ec2-user/.gradle/caches/modules-2/files-2.1/software.amazon.awssdk/aws-core/2.13.6/393584ab0d69557d94708445608e2a1d0ac4019c/aws-core-2.13.6.jar:/home/ec2-user/.gradle/caches/modules-2/files-2.1/software.amazon.awssdk/auth/2.13.6/4c9dda39fafd643af3b7325fcf5a9d5c89a94e28/auth-2.13.6.jar:/home/ec2-user/.gradle/caches/modules-2/files-2.1/software.amazon.awssdk/regions/2.13.6/3fe12066f760bef0584c970d81cee318847f7124/regions-2.13.6.jar:/home/ec2-user/.gradle/caches/modules-2/files-2.1/software.amazon.awssdk/sdk-core/2.13.6/95f5d8d2157432cf6f795ce14f33dab250d2c48b/sdk-core-2.13.6.jar:/home/ec2-user/.gradle/caches/modules-2/files-2.1/software.amazon.awssdk/arns/2.13.6/13999347683b8a66818d22944c04623d3b015d1/arns-2.13.6.jar:/home/ec2-user/.gradle/caches/modules-2/files-2.1/software.amazon.awssdk/profiles/2.13.6/d53c588ced98b6c3e4964ef1777e41d1a65c3744/profiles-2.13.6.jar:/home/ec2-user/.gradle/caches/modules-2/files-2.1/software.amazon.awssdk/apache-client/2.13.6/8639c653b9d1e0045dec92c38612574aa42a016a/apache-client-2.13.6.jar:/home/ec2-user/.gradle/caches/modules-2/files-2.1/software.amazon.awssdk/netty-nio-client/2.13.6/b429a2634e216fa918ebd4f5a3a5f2105d92fdd1/netty-nio-client-2.13.6.jar:/home/ec2-user/.gradle/caches/modules-2/files-2.1/software.amazon.awssdk/http-client-spi/2.13.6/62465b969e5c4bac1608b5992c98d79b98892015/http-client-spi-2.13.6.jar:/home/ec2-user/.gradle/caches/modules-2/files-2.1/software.amazon.awssdk/utils/2.13.6/afe3fa1e41bdcff13c9474bb7bc8534cc95bc737/utils-2.13.6.jar:/home/ec2-user/.gradle/caches/modules-2/files-2.1/org.slf4j/jcl-over-slf4j/1.7.30/cd92524ea19d27e5b94ecd251e1af729cffdfe15/jcl-over-slf4j-1.7.30.jar:/home/ec2-user/.gradle/caches/modules-2/files-2.1/org.apache.httpcomponents.client5/httpclient5/5.0.3/c4bc772689d4bb2d4128c5e4966f765a8a76e904/httpclient5-5.0.3.jar:/home/ec2-user/.gradle/caches/modules-2/files-2.1/com.github.docker-java/docker-java-api/3.2.13/5817ef8f770cb7e740d590090bf352df9491f3c1/docker-java-api-3.2.13.jar:/home/ec2-user/.gradle/caches/modules-2/files-2.1/org.slf4j/slf4j-api/1.7.32/cdcff33940d9f2de763bc41ea05a0be5941176c3/slf4j-api-1.7.32.jar:/home/ec2-user/.gradle/caches/modules-2/files-2.1/org.glassfish.jersey.connectors/jersey-apache-connector/2.30.1/d2e69a272f13b8c30314c1f9afd795f6e9b7b0d8/jersey-apache-connector-2.30.1.jar:/home/ec2-user/.gradle/caches/modules-2/files-2.1/org.apache.httpcomponents/httpclient/4.5.12/4023a2a80b64c25926911faf350b50cd2a29220f/httpclient-4.5.12.jar:/home/ec2-user/.gradle/caches/modules-2/files-2.1/commons-codec/commons-codec/1.15/49d94806b6e3dc933dacbd8acb0fdbab8ebd1e5d/commons-codec-1.15.jar:/home/ec2-user/.gradle/caches/modules-2/files-2.1/org.apache.commons/commons-lang3/3.15.0/21581109b4be710ea4b195d5760392ec284f9f11/commons-lang3-3.15.0.jar:/home/ec2-user/.gradle/caches/modules-2/files-2.1/com.google.auto.value/auto-value-annotations/1.10.1/9e5162c15f6033c524134cba05a5e93dc1d37c4b/auto-value-annotations-1.10.1.jar:/home/ec2-user/.gradle/caches/modules-2/files-2.1/io.opentelemetry.proto/opentelemetry-proto/0.20.0-alpha/8771bb034e6a5bdb54f665015dd70989f3af1dd/opentelemetry-proto-0.20.0-alpha.jar:/home/ec2-user/.gradle/caches/modules-2/files-2.1/commons-io/commons-io/2.6/815893df5f31da2ece4040fe0a12fd44b577afaf/commons-io-2.6.jar:/home/ec2-user/.gradle/caches/modules-2/files-2.1/org.mockito/mockito-core/3.12.4/f9cdc14ea4a3573c0c0366d47d5ca960be24ddb6/mockito-core-3.12.4.jar:/home/ec2-user/.gradle/caches/modules-2/files-2.1/software.amazon.awssdk/annotations/2.13.6/aed75c873a9fa1ef2851536164309190a7b1ced7/annotations-2.13.6.jar:/home/ec2-user/.gradle/caches/modules-2/files-2.1/com.fasterxml.jackson.jaxrs/jackson-jaxrs-json-provider/2.10.3/eac16af21e8e8813038b34a86ddfebe8811d4504/jackson-jaxrs-json-provider-2.10.3.jar:/home/ec2-user/.gradle/caches/modules-2/files-2.1/com.fasterxml.jackson.jaxrs/jackson-jaxrs-base/2.10.3/f621058dfabe179252fb6e7d111a5edd59470b5/jackson-jaxrs-base-2.10.3.jar:/home/ec2-user/.gradle/caches/modules-2/files-2.1/com.fasterxml.jackson.module/jackson-module-jaxb-annotations/2.10.3/bd367b54bd7f8997a2d81c21791bf69c6ba65af0/jackson-module-jaxb-annotations-2.10.3.jar:/home/ec2-user/.gradle/caches/modules-2/files-2.1/com.fasterxml.jackson.core/jackson-databind/2.11.2/ee08bbd8975dde844307fe8309dfcd5ec7ee129d/jackson-databind-2.11.2.jar:/home/ec2-user/.gradle/caches/modules-2/files-2.1/com.fasterxml.jackson.core/jackson-core/2.11.3/c2351800432bdbdd8284c3f5a7f0782a352aa84a/jackson-core-2.11.3.jar:/home/ec2-user/.gradle/caches/modules-2/files-2.1/com.fasterxml.jackson.core/jackson-annotations/2.11.2/e0a7f61fce3e3eac38a079c11831868269de2ea/jackson-annotations-2.11.2.jar:/home/ec2-user/.gradle/caches/modules-2/files-2.1/com.google.guava/failureaccess/1.0.1/1dcf1de382a0bf95a3d8b0849546c88bac1292c9/failureaccess-1.0.1.jar:/home/ec2-user/.gradle/caches/modules-2/files-2.1/com.google.guava/listenablefuture/9999.0-empty-to-avoid-conflict-with-guava/b421526c5f297295adef1c886e5246c39d4ac629/listenablefuture-9999.0-empty-to-avoid-conflict-with-guava.jar:/home/ec2-user/.gradle/caches/modules-2/files-2.1/com.google.code.findbugs/jsr305/3.0.2/25ea2e8b0c338a877313bd4672d3fe056ea78f0d/jsr305-3.0.2.jar:/home/ec2-user/.gradle/caches/modules-2/files-2.1/org.checkerframework/checker-qual/2.5.2/cea74543d5904a30861a61b4643a5f2bb372efc4/checker-qual-2.5.2.jar:/home/ec2-user/.gradle/caches/modules-2/files-2.1/com.google.errorprone/error_prone_annotations/2.2.0/88e3c593e9b3586e1c6177f89267da6fc6986f0c/error_prone_annotations-2.2.0.jar:/home/ec2-user/.gradle/caches/modules-2/files-2.1/com.google.j2objc/j2objc-annotations/1.1/976d8d30bebc251db406f2bdb3eb01962b5685b3/j2objc-annotations-1.1.jar:/home/ec2-user/.gradle/caches/modules-2/files-2.1/org.codehaus.mojo/animal-sniffer-annotations/1.17/f97ce6decaea32b36101e37979f8b647f00681fb/animal-sniffer-annotations-1.17.jar:/home/ec2-user/.gradle/caches/modules-2/files-2.1/com.github.docker-java/docker-java-transport/3.2.13/e9d308d1822181a9d48c99739f5eca014ec89199/docker-java-transport-3.2.13.jar:/home/ec2-user/.gradle/caches/modules-2/files-2.1/com.squareup.okio/okio/2.8.0/49b64e09d81c0cc84b267edd0c2fd7df5a64c78c/okio-jvm-2.8.0.jar:/home/ec2-user/.gradle/caches/modules-2/files-2.1/org.jetbrains.kotlin/kotlin-stdlib-jdk8/1.4.10/998caa30623f73223194a8b657abd2baec4880ea/kotlin-stdlib-jdk8-1.4.10.jar:/home/ec2-user/.gradle/caches/modules-2/files-2.1/org.jetbrains.kotlin/kotlin-stdlib-jdk7/1.4.10/30e46450b0bb3dbf43898d2f461be4a942784780/kotlin-stdlib-jdk7-1.4.10.jar:/home/ec2-user/.gradle/caches/modules-2/files-2.1/org.jetbrains.kotlin/kotlin-stdlib/1.4.10/ea29e063d2bbe695be13e9d044dcfb0c7add398e/kotlin-stdlib-1.4.10.jar:/home/ec2-user/.gradle/caches/modules-2/files-2.1/javax.activation/javax.activation-api/1.2.0/85262acf3ca9816f9537ca47d5adeabaead7cb16/javax.activation-api-1.2.0.jar:/home/ec2-user/.gradle/caches/modules-2/files-2.1/com.google.protobuf/protobuf-java/3.19.4/748e4e0b9e4fa6b9b1fe65690aa04a9db56cfc4d/protobuf-java-3.19.4.jar:/home/ec2-user/.gradle/caches/modules-2/files-2.1/net.bytebuddy/byte-buddy/1.12.10/f34127d93639fad8c6fb84b3ca30292697d6c55d/byte-buddy-1.12.10.jar:/home/ec2-user/.gradle/caches/modules-2/files-2.1/net.bytebuddy/byte-buddy-agent/1.11.13/8c7aaa0ef9863fa89a711bfc5d8e2e0affa0d67f/byte-buddy-agent-1.11.13.jar:/home/ec2-user/.gradle/caches/modules-2/files-2.1/org.objenesis/objenesis/3.2/7fadf57620c8b8abdf7519533e5527367cb51f09/objenesis-3.2.jar:/home/ec2-user/.gradle/caches/modules-2/files-2.1/org.opentest4j/opentest4j/1.2.0/28c11eb91f9b6d8e200631d46e20a7f407f2a046/opentest4j-1.2.0.jar:/home/ec2-user/.gradle/caches/modules-2/files-2.1/net.java.dev.jna/jna/5.8.0/3551d8d827e54858214107541d3aff9c615cb615/jna-5.8.0.jar:/home/ec2-user/.gradle/caches/modules-2/files-2.1/org.jetbrains.kotlin/kotlin-stdlib-common/1.4.10/6229be3465805c99db1142ad75e6c6ddeac0b04c/kotlin-stdlib-common-1.4.10.jar:/home/ec2-user/.gradle/caches/modules-2/files-2.1/org.jetbrains/annotations/13.0/919f0dfe192fb4e063e7dacadee7f8bb9a2672a9/annotations-13.0.jar:/home/ec2-user/.gradle/caches/modules-2/files-2.1/com.typesafe.netty/netty-reactive-streams-http/2.0.4/5f4d3ea06767bcd54159e4ce901565dd974bdc8a/netty-reactive-streams-http-2.0.4.jar:/home/ec2-user/.gradle/caches/modules-2/files-2.1/com.typesafe.netty/netty-reactive-streams/2.0.4/f77c8eaa7d5e2f2160b6d21ba385cf726f164b2/netty-reactive-streams-2.0.4.jar:/home/ec2-user/.gradle/caches/modules-2/files-2.1/org.reactivestreams/reactive-streams/1.0.3/d9fb7a7926ffa635b3dcaa5049fb2bfa25b3e7d0/reactive-streams-1.0.3.jar:/home/ec2-user/.gradle/caches/modules-2/files-2.1/software.amazon.eventstream/eventstream/1.0.1/6ff8649dffc5190366ada897ba8525a836297784/eventstream-1.0.1.jar:/home/ec2-user/.gradle/caches/modules-2/files-2.1/org.apache.httpcomponents/httpcore/4.4.13/853b96d3afbb7bf8cc303fe27ee96836a10c1834/httpcore-4.4.13.jar:/home/ec2-user/.gradle/caches/modules-2/files-2.1/io.netty/netty-codec-http2/4.1.46.Final/f9dc7b0e1dc361463160a8a49cbfd3dfb994f485/netty-codec-http2-4.1.46.Final.jar:/home/ec2-user/.gradle/caches/modules-2/files-2.1/io.netty/netty-handler-proxy/4.1.46.Final/d7161f586651e01df6dfc3bf2d8bb50400bb98d0/netty-handler-proxy-4.1.46.Final.jar:/home/ec2-user/.gradle/caches/modules-2/files-2.1/io.netty/netty-codec-http/4.1.46.Final/d6fd0f2e4eaf688eefa864c7512a7f256db2624b/netty-codec-http-4.1.46.Final.jar:/home/ec2-user/.gradle/caches/modules-2/files-2.1/io.netty/netty-handler/4.1.46.Final/64f8cd6ca16850be1c3ba834b188518a68b0ff5a/netty-handler-4.1.46.Final.jar:/home/ec2-user/.gradle/caches/modules-2/files-2.1/io.netty/netty-codec-socks/4.1.46.Final/55ad0081c07888b630f1c6fdea35165dd4558e8/netty-codec-socks-4.1.46.Final.jar:/home/ec2-user/.gradle/caches/modules-2/files-2.1/io.netty/netty-codec/4.1.46.Final/1e75ab8ea34b91600b02c154366e2cdbd57d0384/netty-codec-4.1.46.Final.jar:/home/ec2-user/.gradle/caches/modules-2/files-2.1/io.netty/netty-transport-native-epoll/4.1.46.Final/ecdd67fa277b21e128e10bc92899f43ae27fc206/netty-transport-native-epoll-4.1.46.Final-linux-x86_64.jar:/home/ec2-user/.gradle/caches/modules-2/files-2.1/io.netty/netty-transport-native-kqueue/4.1.46.Final/a9e9955419b72fe6237342d38792fa3b2a68cd83/netty-transport-native-kqueue-4.1.46.Final-osx-x86_64.jar:/home/ec2-user/.gradle/caches/modules-2/files-2.1/io.netty/netty-transport-native-unix-common/4.1.46.Final/894ba8206b4b5382f9cd1d65f3a2bd315f42c0a2/netty-transport-native-unix-common-4.1.46.Final.jar:/home/ec2-user/.gradle/caches/modules-2/files-2.1/io.netty/netty-transport/4.1.46.Final/19392495e546e82613e9d184257eae0fb5aa3132/netty-transport-4.1.46.Final.jar:/home/ec2-user/.gradle/caches/modules-2/files-2.1/io.netty/netty-buffer/4.1.46.Final/46477d9f3d735eff789ab6a3496c2a3a0d093d39/netty-buffer-4.1.46.Final.jar:/home/ec2-user/.gradle/caches/modules-2/files-2.1/io.netty/netty-resolver/4.1.46.Final/58ac4a20159e57821d5a1cad85616556bd08e4ea/netty-resolver-4.1.46.Final.jar:/home/ec2-user/.gradle/caches/modules-2/files-2.1/io.netty/netty-common/4.1.46.Final/ea372ecfc2591947ad59a1440aeee9e86a824b38/netty-common-4.1.46.Final.jar:/home/ec2-user/.gradle/caches/modules-2/files-2.1/org.apache.commons/commons-compress/1.21/4ec95b60d4e86b5c95a0e919cb172a0af98011ef/commons-compress-1.21.jar:/home/ec2-user/.gradle/caches/modules-2/files-2.1/org.bouncycastle/bcpkix-jdk15on/1.64/3dac163e20110817d850d17e0444852a6d7d0bd7/bcpkix-jdk15on-1.64.jar:/home/ec2-user/.gradle/caches/modules-2/files-2.1/org.glassfish.jersey.core/jersey-client/2.30.1/a67f9c26703c3f04c9edecee851673b654adcb3c/jersey-client-2.30.1.jar:/home/ec2-user/.gradle/caches/modules-2/files-2.1/org.glassfish.jersey.inject/jersey-hk2/2.30.1/b71108c86eaf6453e1a3b757e1f7b40c977841ed/jersey-hk2-2.30.1.jar:/home/ec2-user/.gradle/caches/modules-2/files-2.1/com.kohlschutter.junixsocket/junixsocket-common/2.3.2/17b89da8995a595eb017a55d0262fed62e113e46/junixsocket-common-2.3.2.jar:/home/ec2-user/.gradle/caches/modules-2/files-2.1/com.kohlschutter.junixsocket/junixsocket-native-common/2.3.2/e5f7711c06fb5bc83a8931c1b72dc5fd645aafce/junixsocket-native-common-2.3.2.jar:/home/ec2-user/.gradle/caches/modules-2/files-2.1/org.apache.httpcomponents.core5/httpcore5/5.0.2/ea298cd1ce1d860747149fbb5f6236300219f378/httpcore5-5.0.2.jar:/home/ec2-user/.gradle/caches/modules-2/files-2.1/org.bouncycastle/bcprov-jdk15on/1.64/1467dac1b787b5ad2a18201c0c281df69882259e/bcprov-jdk15on-1.64.jar:/home/ec2-user/.gradle/caches/modules-2/files-2.1/commons-logging/commons-logging/1.2/4bfc12adfe4842bf07b657f0369c4cb522955686/commons-logging-1.2.jar:/home/ec2-user/.gradle/caches/modules-2/files-2.1/org.glassfish.jersey.core/jersey-common/2.30.1/efc1a9d20ed1dcd203d8342d8b5b91728ab463e0/jersey-common-2.30.1.jar:/home/ec2-user/.gradle/caches/modules-2/files-2.1/jakarta.ws.rs/jakarta.ws.rs-api/2.1.6/1dcb770bce80a490dff49729b99c7a60e9ecb122/jakarta.ws.rs-api-2.1.6.jar:/home/ec2-user/.gradle/caches/modules-2/files-2.1/org.glassfish.hk2/hk2-locator/2.6.1/9dedf9d2022e38ec0743ed44c1ac94ad6149acdd/hk2-locator-2.6.1.jar:/home/ec2-user/.gradle/caches/modules-2/files-2.1/org.glassfish.hk2/hk2-api/2.6.1/114bd7afb4a1bd9993527f52a08a252b5d2acac5/hk2-api-2.6.1.jar:/home/ec2-user/.gradle/caches/modules-2/files-2.1/org.glassfish.hk2/hk2-utils/2.6.1/396513aa96c1d5a10aa4f75c4dcbf259a698d62d/hk2-utils-2.6.1.jar:/home/ec2-user/.gradle/caches/modules-2/files-2.1/org.glassfish.hk2.external/jakarta.inject/2.6.1/8096ebf722902e75fbd4f532a751e514f02e1eb7/jakarta.inject-2.6.1.jar:/home/ec2-user/.gradle/caches/modules-2/files-2.1/org.javassist/javassist/3.25.0-GA/442dc1f9fd520130bd18da938622f4f9b2e5fba3/javassist-3.25.0-GA.jar:/home/ec2-user/.gradle/caches/modules-2/files-2.1/jakarta.xml.bind/jakarta.xml.bind-api/2.3.2/8d49996a4338670764d7ca4b85a1c4ccf7fe665d/jakarta.xml.bind-api-2.3.2.jar:/home/ec2-user/.gradle/caches/modules-2/files-2.1/jakarta.activation/jakarta.activation-api/1.2.1/562a587face36ec7eff2db7f2fc95425c6602bc1/jakarta.activation-api-1.2.1.jar:/home/ec2-user/.gradle/caches/modules-2/files-2.1/jakarta.annotation/jakarta.annotation-api/1.3.5/59eb84ee0d616332ff44aba065f3888cf002cd2d/jakarta.annotation-api-1.3.5.jar:/home/ec2-user/.gradle/caches/modules-2/files-2.1/org.glassfish.hk2/osgi-resource-locator/1.0.3/de3b21279df7e755e38275137539be5e2c80dd58/osgi-resource-locator-1.0.3.jar:/home/ec2-user/.gradle/caches/modules-2/files-2.1/org.glassfish.hk2.external/aopalliance-repackaged/2.6.1/b2eb0a83bcbb44cc5d25f8b18f23be116313a638/aopalliance-repackaged-2.6.1.jar"/>
<property name="java.class.version" value="61.0"/>
<property name="java.home" value="/home/ec2-user/.gradle/jdks/eclipse_adoptium-17-amd64-linux.2"/>
<property name="java.io.tmpdir" value="/tmp"/>
<property name="java.library.path" value="/usr/java/packages/lib:/usr/lib64:/lib64:/lib:/usr/lib"/>
<property name="java.runtime.name" value="OpenJDK Runtime Environment"/>
<property name="java.runtime.version" value="17.0.12+7"/>
<property name="java.specification.name" value="Java Platform API Specification"/>
<property name="java.specification.vendor" value="Oracle Corporation"/>
<property name="java.specification.version" value="17"/>
<property name="java.util.logging.config.file" value="/home/ec2-user/actions-runner/_work/java-agent/java-agent/acceptance-tests/build/generated/resources/main/junit-logging.properties"/>
<property name="java.vendor" value="Eclipse Adoptium"/>
<property name="java.vendor.url" value="https://adoptium.net/"/>
<property name="java.vendor.url.bug" value="https://github.com/adoptium/adoptium-support/issues"/>
<property name="java.vendor.version" value="Temurin-17.0.12+7"/>
<property name="java.version" value="17.0.12"/>
<property name="java.version.date" value="2024-07-16"/>
<property name="java.vm.compressedOopsMode" value="Zero based"/>
<property name="java.vm.info" value="mixed mode, sharing"/>
<property name="java.vm.name" value="OpenJDK 64-Bit Server VM"/>
<property name="java.vm.specification.name" value="Java Virtual Machine Specification"/>
<property name="java.vm.specification.vendor" value="Oracle Corporation"/>
<property name="java.vm.specification.version" value="17"/>
<property name="java.vm.vendor" value="Eclipse Adoptium"/>
<property name="java.vm.version" value="17.0.12+7"/>
<property name="jdk.debug" value="release"/>
<property name="jdk.jfr.repository" value="/tmp/2024_10_11_19_29_19_427073"/>
<property name="junit.jupiter.execution.parallel.config.custom.class" value="com.contrastsecurity.agent.test.junit.MitigateBlockingParallelExecutionConfigurationStrategy"/>
<property name="junit.jupiter.execution.parallel.config.strategy" value="custom"/>
<property name="junit.jupiter.execution.parallel.enabled" value="true"/>
<property name="junit.jupiter.execution.parallel.mode.default" value="concurrent"/>
<property name="junit.platform.output.capture.stdout" value="true"/>
<property name="line.separator" value="
"/>
<property name="native.encoding" value="UTF-8"/>
<property name="org.gradle.internal.worker.tmpdir" value="/home/ec2-user/actions-runner/_work/java-agent/java-agent/acceptance-tests/build/tmp/acceptanceTest/work"/>
<property name="org.gradle.test.worker" value="16"/>
<property name="os.arch" value="amd64"/>
<property name="os.name" value="Linux"/>
<property name="os.version" value="6.8.0-1015-aws"/>
<property name="path.separator" value=":"/>
<property name="s3.dry.run" value="false"/>
<property name="sun.arch.data.model" value="64"/>
<property name="sun.boot.library.path" value="/home/ec2-user/.gradle/jdks/eclipse_adoptium-17-amd64-linux.2/lib"/>
<property name="sun.cpu.endian" value="little"/>
<property name="sun.io.unicode.encoding" value="UnicodeLittle"/>
<property name="sun.java.command" value="worker.org.gradle.process.internal.worker.GradleWorkerMain 'Gradle Test Executor 16'"/>
<property name="sun.java.launcher" value="SUN_STANDARD"/>
<property name="sun.jnu.encoding" value="UTF-8"/>
<property name="sun.management.compiler" value="HotSpot 64-Bit Tiered Compilers"/>
<property name="user.country" value=""/>
<property name="user.dir" value="/home/ec2-user/actions-runner/_work/java-agent/java-agent/acceptance-tests"/>
<property name="user.home" value="/home/ec2-user"/>
<property name="user.language" value="en"/>
<property name="user.name" value="ec2-user"/>
<property name="user.timezone" value="Etc/UTC"/>
<property name="user.variant" value=""/>
</properties>
<testcase name="it_tests_sources_V5(String, MethodDescriptor, TagRanges, RequestBodyType, MQConsumer, HTTPEndpoint, OkHttpClient)[1]" classname="com.contrastsecurity.agent.test.assess.spring.async.SpringWebFluxIT$V5_1" time="15.21">
<classifications><classification implementation="spring-webflux-5.1.19.RELEASE" use-case="Assess - Dataflow - HTTP Sources" stack="Spring Boot 2.1" contrast-agent-version="6.10.1.126" unique-id="[engine:junit-jupiter]/[class:com.contrastsecurity.agent.test.assess.spring.async.SpringWebFluxIT$V5_1]/[test-template:it_tests_sources_V5(java.lang.String, com.contrastsecurity.agent.test.assertions.MethodDescriptor, com.contrastsecurity.agent.test.assertions.TagRanges, com.contrastsecurity.agent.test.assess.spring.async.SpringWebFluxIT$RequestBodyType, com.contrastsecurity.agent.test.junit.containers.MQConsumer, com.contrastsecurity.agent.test.junit.containers.HTTPEndpoint, okhttp3.OkHttpClient)]/[test-template-invocation:#1]"/></classifications>
<system-out><![CDATA[
unique-id: [engine:junit-jupiter]/[class:com.contrastsecurity.agent.test.assess.spring.async.SpringWebFluxIT$V5_1]/[test-template:it_tests_sources_V5(java.lang.String, com.contrastsecurity.agent.test.assertions.MethodDescriptor, com.contrastsecurity.agent.test.assertions.TagRanges, com.contrastsecurity.agent.test.assess.spring.async.SpringWebFluxIT$RequestBodyType, com.contrastsecurity.agent.test.junit.containers.MQConsumer, com.contrastsecurity.agent.test.junit.containers.HTTPEndpoint, okhttp3.OkHttpClient)]/[test-template-invocation:#1]
display-name: [1] requestHeader, MethodDescriptor{anyArgs=false, isLambda=false, isProxy=false, classNames=[io.netty.handler.codec.http.DefaultHttpHeaders], methodName=getAll, argTypes=[java.lang.CharSequence]}, 0:9, PLAIN
Report Entry #1 (timestamp: 2024-10-11T19:29:53.595360135)
	- classification-use-case: Assess - Dataflow - HTTP Sources
Report Entry #2 (timestamp: 2024-10-11T19:29:53.597754858)
	- java-agent-version: 6.10.1.126
Report Entry #3 (timestamp: 2024-10-11T19:29:53.5988951)
	- classification-implementation: spring-webflux-5.1.19.RELEASE
Report Entry #4 (timestamp: 2024-10-11T19:29:53.600002691)
	- classification-stack: Spring Boot 2.1
Found vulnerabilities:
VulnerabilityDTM{hash=2566606626, ruleId='path-traversal', evidence='null', request=HttpRequestDTM{body='null', contextPath='/', headers={Accept-Encoding=[gzip], Connection=[Keep-Alive], Content-Length=[11], Content-Type=[plain/text; charset=utf-8], contrast-mq-name=[-00000-SpringWebFluxIT.it_tests_sources_V5], cookie=[cookie=cookieVal], header=[headerVal], Host=[localhost:35728], User-Agent=[okhttp/4.9.1]}, method='POST', standardNormalizedUri='/sources/v5_0/requestHeader', parameters={requestParam=[foo]}, port=8080, protocol=http, queryString='requestParam=foo', serverVersionInfo='null', uri='/sources/v5_0/requestHeader', version=HTTP/1.1}, properties={entrypointType=HTTP, entrypointSignature=com.contrastsecurity.testapp.v5.PolicyController$SourceEndpoints.header(java.lang.String)}, events=[
	--> EventDTM{action=CREATION, type=PROPAGATION, tags=untrusted, taintRanges=[EventTaintRangeDTM{tag=untrusted, range='0:9'}], signature=EventSignatureDTM{returnType='java.util.List', className='io.netty.handler.codec.http.DefaultHttpHeaders', methodName='getAll', argTypes=[java.lang.CharSequence]}}, 
	--> EventDTM{action=TRIGGER, type=METHOD, tags=, taintRanges=[EventTaintRangeDTM{tag=untrusted, range='0:9'}], signature=EventSignatureDTM{returnType='void', className='java.io.File', methodName='<init>', argTypes=[java.lang.String]}}]}
VulnerabilityDTM{hash=1470985640, ruleId='cache-controls-missing', evidence='null', request=HttpRequestDTM{body='null', contextPath='/', headers={Accept-Encoding=[gzip], Connection=[Keep-Alive], Content-Length=[11], Content-Type=[plain/text; charset=utf-8], contrast-mq-name=[-00000-SpringWebFluxIT.it_tests_sources_V5], cookie=[cookie=cookieVal], header=[headerVal], Host=[localhost:35728], User-Agent=[okhttp/4.9.1]}, method='POST', standardNormalizedUri='/sources/v5_0/requestHeader', parameters={requestParam=[foo]}, port=8080, protocol=http, queryString='requestParam=foo', serverVersionInfo='null', uri='/sources/v5_0/requestHeader', version=HTTP/1.1}, properties={data=[], entrypointType=HTTP, entrypointSignature=com.contrastsecurity.testapp.v5.PolicyController$SourceEndpoints.header(java.lang.String)}, events=[]}
VulnerabilityDTM{hash=3493426682, ruleId='clickjacking-control-missing', evidence='null', request=HttpRequestDTM{body='null', contextPath='/', headers={Accept-Encoding=[gzip], Connection=[Keep-Alive], Content-Length=[11], Content-Type=[plain/text; charset=utf-8], contrast-mq-name=[-00000-SpringWebFluxIT.it_tests_sources_V5], cookie=[cookie=cookieVal], header=[headerVal], Host=[localhost:35728], User-Agent=[okhttp/4.9.1]}, method='POST', standardNormalizedUri='/sources/v5_0/requestHeader', parameters={requestParam=[foo]}, port=8080, protocol=http, queryString='requestParam=foo', serverVersionInfo='null', uri='/sources/v5_0/requestHeader', version=HTTP/1.1}, properties={data=, entrypointType=HTTP, entrypointSignature=com.contrastsecurity.testapp.v5.PolicyController$SourceEndpoints.header(java.lang.String)}, events=[]}
VulnerabilityDTM{hash=972325486, ruleId='csp-header-insecure', evidence='null', request=HttpRequestDTM{body='null', contextPath='/', headers={Accept-Encoding=[gzip], Connection=[Keep-Alive], Content-Length=[11], Content-Type=[plain/text; charset=utf-8], contrast-mq-name=[-00000-SpringWebFluxIT.it_tests_sources_V5], cookie=[cookie=cookieVal], header=[headerVal], Host=[localhost:35728], User-Agent=[okhttp/4.9.1]}, method='POST', standardNormalizedUri='/sources/v5_0/requestHeader', parameters={requestParam=[foo]}, port=8080, protocol=http, queryString='requestParam=foo', serverVersionInfo='null', uri='/sources/v5_0/requestHeader', version=HTTP/1.1}, properties={data={"baseUriSecure":false,"defaultSrcSecure":false,"childSrcSecure":false,"connectSrcSecure":false,"frameSrcSecure":false,"mediaSrcSecure":false,"objectSrcSecure":false,"scriptSrcSecure":false,"styleSrcSecure":false,"formActionSecure":false,"frameAncestorsSecure":false}, entrypointType=HTTP, entrypointSignature=com.contrastsecurity.testapp.v5.PolicyController$SourceEndpoints.header(java.lang.String)}, events=[]}
VulnerabilityDTM{hash=3386091394, ruleId='csp-header-missing', evidence='null', request=HttpRequestDTM{body='null', contextPath='/', headers={Accept-Encoding=[gzip], Connection=[Keep-Alive], Content-Length=[11], Content-Type=[plain/text; charset=utf-8], contrast-mq-name=[-00000-SpringWebFluxIT.it_tests_sources_V5], cookie=[cookie=cookieVal], header=[headerVal], Host=[localhost:35728], User-Agent=[okhttp/4.9.1]}, method='POST', standardNormalizedUri='/sources/v5_0/requestHeader', parameters={requestParam=[foo]}, port=8080, protocol=http, queryString='requestParam=foo', serverVersionInfo='null', uri='/sources/v5_0/requestHeader', version=HTTP/1.1}, properties={data=, entrypointType=HTTP, entrypointSignature=com.contrastsecurity.testapp.v5.PolicyController$SourceEndpoints.header(java.lang.String)}, events=[]}
VulnerabilityDTM{hash=2361740544, ruleId='hsts-header-missing', evidence='null', request=HttpRequestDTM{body='null', contextPath='/', headers={Accept-Encoding=[gzip], Connection=[Keep-Alive], Content-Length=[11], Content-Type=[plain/text; charset=utf-8], contrast-mq-name=[-00000-SpringWebFluxIT.it_tests_sources_V5], cookie=[cookie=cookieVal], header=[headerVal], Host=[localhost:35728], User-Agent=[okhttp/4.9.1]}, method='POST', standardNormalizedUri='/sources/v5_0/requestHeader', parameters={requestParam=[foo]}, port=8080, protocol=http, queryString='requestParam=foo', serverVersionInfo='null', uri='/sources/v5_0/requestHeader', version=HTTP/1.1}, properties={data=-1, entrypointType=HTTP, entrypointSignature=com.contrastsecurity.testapp.v5.PolicyController$SourceEndpoints.header(java.lang.String)}, events=[]}
VulnerabilityDTM{hash=372694845, ruleId='xcontenttype-header-missing', evidence='null', request=HttpRequestDTM{body='null', contextPath='/', headers={Accept-Encoding=[gzip], Connection=[Keep-Alive], Content-Length=[11], Content-Type=[plain/text; charset=utf-8], contrast-mq-name=[-00000-SpringWebFluxIT.it_tests_sources_V5], cookie=[cookie=cookieVal], header=[headerVal], Host=[localhost:35728], User-Agent=[okhttp/4.9.1]}, method='POST', standardNormalizedUri='/sources/v5_0/requestHeader', parameters={requestParam=[foo]}, port=8080, protocol=http, queryString='requestParam=foo', serverVersionInfo='null', uri='/sources/v5_0/requestHeader', version=HTTP/1.1}, properties={data=, entrypointType=HTTP, entrypointSignature=com.contrastsecurity.testapp.v5.PolicyController$SourceEndpoints.header(java.lang.String)}, events=[]}

{acceptance-test-lifecycle:start=container-health-check}
{acceptance-test-lifecycle:end=container-health-check}
{acceptance-test-lifecycle:start=pull-image}
{acceptance-test-lifecycle:end=pull-image}
{acceptance-test-lifecycle:end=stop-container}
{acceptance-test-lifecycle:start=stop-container}
{acceptance-test-lifecycle:start=run-tests}
{acceptance-test-lifecycle:start=start-container}
{prominent=Test Image 575653897988.dkr.ecr.us-east-1.amazonaws.com/contrast/spring-webflux-5:2.1.18.RELEASE-rev13}
{value=Test application ready container-id=ec415fc71f7d197deaac74f96496b4c9c8d1ae5180031b20923e79888ddd3bf4}
{acceptance-test-lifecycle:start=acquire-semaphore}
{acceptance-test-lifecycle:end=acquire-semaphore}
{prominent=Logs viewable at /home/ec2-user/actions-runner/_work/java-agent/java-agent/acceptance-tests/build/reports/container-logs/com.contrastsecurity.agent.test.assess.spring.async.SpringWebFluxIT_V5_1-20241011T192927.728/SpringWebFluxIT_V5_1-20241011T192927.728-ec415fc71f7d.out, /home/ec2-user/actions-runner/_work/java-agent/java-agent/acceptance-tests/build/reports/container-logs/com.contrastsecurity.agent.test.assess.spring.async.SpringWebFluxIT_V5_1-20241011T192927.728/SpringWebFluxIT_V5_1-20241011T192927.728-ec415fc71f7d.err}
{acceptance-test-lifecycle:end=start-container}
{acceptance-test-lifecycle:end=run-tests}
]]></system-out>
<system-err><![CDATA[

]]></system-err>
<vulnerability-findings></vulnerability-findings></testcase>
<testcase name="it_tests_sources_V5(String, MethodDescriptor, TagRanges, RequestBodyType, MQConsumer, HTTPEndpoint, OkHttpClient)[2]" classname="com.contrastsecurity.agent.test.assess.spring.async.SpringWebFluxIT$V5_1" time="15.21">
<classifications><classification implementation="spring-webflux-5.1.19.RELEASE" use-case="Assess - Dataflow - HTTP Sources" stack="Spring Boot 2.1" contrast-agent-version="6.10.1.126" unique-id="[engine:junit-jupiter]/[class:com.contrastsecurity.agent.test.assess.spring.async.SpringWebFluxIT$V5_1]/[test-template:it_tests_sources_V5(java.lang.String, com.contrastsecurity.agent.test.assertions.MethodDescriptor, com.contrastsecurity.agent.test.assertions.TagRanges, com.contrastsecurity.agent.test.assess.spring.async.SpringWebFluxIT$RequestBodyType, com.contrastsecurity.agent.test.junit.containers.MQConsumer, com.contrastsecurity.agent.test.junit.containers.HTTPEndpoint, okhttp3.OkHttpClient)]/[test-template-invocation:#2]"/></classifications>
<system-out><![CDATA[
unique-id: [engine:junit-jupiter]/[class:com.contrastsecurity.agent.test.assess.spring.async.SpringWebFluxIT$V5_1]/[test-template:it_tests_sources_V5(java.lang.String, com.contrastsecurity.agent.test.assertions.MethodDescriptor, com.contrastsecurity.agent.test.assertions.TagRanges, com.contrastsecurity.agent.test.assess.spring.async.SpringWebFluxIT$RequestBodyType, com.contrastsecurity.agent.test.junit.containers.MQConsumer, com.contrastsecurity.agent.test.junit.containers.HTTPEndpoint, okhttp3.OkHttpClient)]/[test-template-invocation:#2]
display-name: [2] requestParam, MethodDescriptor{anyArgs=false, isLambda=false, isProxy=false, classNames=[io.netty.handler.codec.http.DefaultHttpRequest], methodName=uri, argTypes=[]}, 0:3, PLAIN
Report Entry #1 (timestamp: 2024-10-11T19:29:53.595439032)
	- classification-use-case: Assess - Dataflow - HTTP Sources
Report Entry #2 (timestamp: 2024-10-11T19:29:53.597628229)
	- java-agent-version: 6.10.1.126
Report Entry #3 (timestamp: 2024-10-11T19:29:53.598898365)
	- classification-implementation: spring-webflux-5.1.19.RELEASE
Report Entry #4 (timestamp: 2024-10-11T19:29:53.599935324)
	- classification-stack: Spring Boot 2.1
Found vulnerabilities:
VulnerabilityDTM{hash=2139706047, ruleId='path-traversal', evidence='null', request=HttpRequestDTM{body='null', contextPath='/', headers={Accept-Encoding=[gzip], Connection=[Keep-Alive], Content-Length=[11], Content-Type=[plain/text; charset=utf-8], contrast-mq-name=[-00001-SpringWebFluxIT.it_tests_sources_V5], cookie=[cookie=cookieVal], header=[headerVal], Host=[localhost:35728], User-Agent=[okhttp/4.9.1]}, method='POST', standardNormalizedUri='/sources/v5_0/requestParam', parameters={requestParam=[foo]}, port=8080, protocol=http, queryString='requestParam=foo', serverVersionInfo='null', uri='/sources/v5_0/requestParam', version=HTTP/1.1}, properties={entrypointType=HTTP, entrypointSignature=com.contrastsecurity.testapp.v5.PolicyController$SourceEndpoints.requestParam(java.lang.String)}, events=[
	--> EventDTM{action=CREATION, type=PROPAGATION, tags=untrusted, taintRanges=[EventTaintRangeDTM{tag=untrusted, range='0:15'}], signature=EventSignatureDTM{returnType='java.lang.String', className='io.netty.handler.codec.http.DefaultHttpHeaders', methodName='get', argTypes=[java.lang.CharSequence]}}, 
	--> EventDTM{action=O2R, type=PROPAGATION, tags=untrusted, taintRanges=[EventTaintRangeDTM{tag=untrusted, range='0:9'}], signature=EventSignatureDTM{returnType='java.lang.String', className='java.lang.String', methodName='substring', argTypes=[int, int]}}, 
	--> EventDTM{action=P2O, type=PROPAGATION, tags=untrusted, taintRanges=[EventTaintRangeDTM{tag=untrusted, range='7:16'}], signature=EventSignatureDTM{returnType='java.lang.StringBuilder', className='java.lang.StringBuilder', methodName='append', argTypes=[java.lang.String]}}, 
	--> EventDTM{action=O2R, type=PROPAGATION, tags=untrusted, taintRanges=[EventTaintRangeDTM{tag=untrusted, range='7:16'}], signature=EventSignatureDTM{returnType='java.lang.String', className='java.lang.StringBuilder', methodName='toString', argTypes=[]}}, 
	--> EventDTM{action=P2O, type=PROPAGATION, tags=untrusted, taintRanges=[EventTaintRangeDTM{tag=untrusted, range='7:16'}], signature=EventSignatureDTM{returnType='java.lang.StringBuilder', className='java.lang.StringBuilder', methodName='append', argTypes=[java.lang.String]}}, 
	--> EventDTM{action=CREATION, type=PROPAGATION, tags=untrusted,cross-site,url-encoded, taintRanges=[EventTaintRangeDTM{tag=cross-site, range='0:43'}, EventTaintRangeDTM{tag=untrusted, range='0:43'}, EventTaintRangeDTM{tag=url-encoded, range='0:43'}], signature=EventSignatureDTM{returnType='java.lang.String', className='io.netty.handler.codec.http.DefaultHttpRequest', methodName='uri', argTypes=[]}}, 
	--> EventDTM{action=P2O, type=PROPAGATION, tags=untrusted,cross-site,url-encoded, taintRanges=[EventTaintRangeDTM{tag=cross-site, range='22:65'}, EventTaintRangeDTM{tag=untrusted, range='22:65,7:16'}, EventTaintRangeDTM{tag=url-encoded, range='22:65'}], signature=EventSignatureDTM{returnType='java.lang.StringBuilder', className='java.lang.StringBuilder', methodName='append', argTypes=[java.lang.String]}}, 
	--> EventDTM{action=O2R, type=PROPAGATION, tags=untrusted,cross-site,url-encoded, taintRanges=[EventTaintRangeDTM{tag=cross-site, range='22:65'}, EventTaintRangeDTM{tag=untrusted, range='22:65,7:16'}, EventTaintRangeDTM{tag=url-encoded, range='22:65'}], signature=EventSignatureDTM{returnType='java.lang.String', className='java.lang.StringBuilder', methodName='toString', argTypes=[]}}, 
	--> EventDTM{action=O2R, type=PROPAGATION, tags=untrusted,cross-site,url-encoded, taintRanges=[EventTaintRangeDTM{tag=cross-site, range='0:16'}, EventTaintRangeDTM{tag=untrusted, range='0:16'}, EventTaintRangeDTM{tag=url-encoded, range='0:16'}], signature=EventSignatureDTM{returnType='java.lang.String', className='java.lang.String', methodName='substring', argTypes=[int, int]}}, 
	--> EventDTM{action=TAG, type=TAG, tags=untrusted,compared,cross-site,url-encoded,validated, taintRanges=[EventTaintRangeDTM{tag=compared, range='0:16'}, EventTaintRangeDTM{tag=cross-site, range='0:16'}, EventTaintRangeDTM{tag=untrusted, range='0:16'}, EventTaintRangeDTM{tag=url-encoded, range='0:16'}, EventTaintRangeDTM{tag=validated, range='0:16'}], signature=EventSignatureDTM{returnType='java.util.regex.Matcher', className='java.util.regex.Pattern', methodName='matcher', argTypes=[java.lang.CharSequence]}}, 
	--> EventDTM{action=O2R, type=PROPAGATION, tags=untrusted,compared,cross-site,url-encoded,validated, taintRanges=[EventTaintRangeDTM{tag=compared, range='0:3'}, EventTaintRangeDTM{tag=cross-site, range='0:3'}, EventTaintRangeDTM{tag=untrusted, range='0:3'}, EventTaintRangeDTM{tag=url-encoded, range='0:3'}, EventTaintRangeDTM{tag=validated, range='0:3'}], signature=EventSignatureDTM{returnType='java.lang.String', className='java.lang.String', methodName='substring', argTypes=[int, int]}}, 
	--> EventDTM{action=P2R, type=PROPAGATION, tags=untrusted,compared,cross-site,url-decoded,validated, taintRanges=[EventTaintRangeDTM{tag=compared, range='0:3'}, EventTaintRangeDTM{tag=url-decoded, range='0:3'}, EventTaintRangeDTM{tag=cross-site, range='0:3'}, EventTaintRangeDTM{tag=untrusted, range='0:3'}, EventTaintRangeDTM{tag=validated, range='0:3'}], signature=EventSignatureDTM{returnType='java.lang.String', className='java.net.URLDecoder', methodName='decode', argTypes=[java.lang.String, java.lang.String]}}, 
	--> EventDTM{action=TRIGGER, type=METHOD, tags=, taintRanges=[EventTaintRangeDTM{tag=compared, range='0:3'}, EventTaintRangeDTM{tag=url-decoded, range='0:3'}, EventTaintRangeDTM{tag=cross-site, range='0:3'}, EventTaintRangeDTM{tag=untrusted, range='0:3'}, EventTaintRangeDTM{tag=validated, range='0:3'}], signature=EventSignatureDTM{returnType='void', className='java.io.File', methodName='<init>', argTypes=[java.lang.String]}}]}
VulnerabilityDTM{hash=1791727848, ruleId='cache-controls-missing', evidence='null', request=HttpRequestDTM{body='null', contextPath='/', headers={Accept-Encoding=[gzip], Connection=[Keep-Alive], Content-Length=[11], Content-Type=[plain/text; charset=utf-8], contrast-mq-name=[-00001-SpringWebFluxIT.it_tests_sources_V5], cookie=[cookie=cookieVal], header=[headerVal], Host=[localhost:35728], User-Agent=[okhttp/4.9.1]}, method='POST', standardNormalizedUri='/sources/v5_0/requestParam', parameters={requestParam=[foo]}, port=8080, protocol=http, queryString='requestParam=foo', serverVersionInfo='null', uri='/sources/v5_0/requestParam', version=HTTP/1.1}, properties={data=[], entrypointType=HTTP, entrypointSignature=com.contrastsecurity.testapp.v5.PolicyController$SourceEndpoints.requestParam(java.lang.String)}, events=[]}
VulnerabilityDTM{hash=4258613986, ruleId='clickjacking-control-missing', evidence='null', request=HttpRequestDTM{body='null', contextPath='/', headers={Accept-Encoding=[gzip], Connection=[Keep-Alive], Content-Length=[11], Content-Type=[plain/text; charset=utf-8], contrast-mq-name=[-00001-SpringWebFluxIT.it_tests_sources_V5], cookie=[cookie=cookieVal], header=[headerVal], Host=[localhost:35728], User-Agent=[okhttp/4.9.1]}, method='POST', standardNormalizedUri='/sources/v5_0/requestParam', parameters={requestParam=[foo]}, port=8080, protocol=http, queryString='requestParam=foo', serverVersionInfo='null', uri='/sources/v5_0/requestParam', version=HTTP/1.1}, properties={data=, entrypointType=HTTP, entrypointSignature=com.contrastsecurity.testapp.v5.PolicyController$SourceEndpoints.requestParam(java.lang.String)}, events=[]}
VulnerabilityDTM{hash=2736934670, ruleId='csp-header-insecure', evidence='null', request=HttpRequestDTM{body='null', contextPath='/', headers={Accept-Encoding=[gzip], Connection=[Keep-Alive], Content-Length=[11], Content-Type=[plain/text; charset=utf-8], contrast-mq-name=[-00001-SpringWebFluxIT.it_tests_sources_V5], cookie=[cookie=cookieVal], header=[headerVal], Host=[localhost:35728], User-Agent=[okhttp/4.9.1]}, method='POST', standardNormalizedUri='/sources/v5_0/requestParam', parameters={requestParam=[foo]}, port=8080, protocol=http, queryString='requestParam=foo', serverVersionInfo='null', uri='/sources/v5_0/requestParam', version=HTTP/1.1}, properties={data={"baseUriSecure":false,"defaultSrcSecure":false,"childSrcSecure":false,"connectSrcSecure":false,"frameSrcSecure":false,"mediaSrcSecure":false,"objectSrcSecure":false,"scriptSrcSecure":false,"styleSrcSecure":false,"formActionSecure":false,"frameAncestorsSecure":false}, entrypointType=HTTP, entrypointSignature=com.contrastsecurity.testapp.v5.PolicyController$SourceEndpoints.requestParam(java.lang.String)}, events=[]}
VulnerabilityDTM{hash=1134874836, ruleId='csp-header-missing', evidence='null', request=HttpRequestDTM{body='null', contextPath='/', headers={Accept-Encoding=[gzip], Connection=[Keep-Alive], Content-Length=[11], Content-Type=[plain/text; charset=utf-8], contrast-mq-name=[-00001-SpringWebFluxIT.it_tests_sources_V5], cookie=[cookie=cookieVal], header=[headerVal], Host=[localhost:35728], User-Agent=[okhttp/4.9.1]}, method='POST', standardNormalizedUri='/sources/v5_0/requestParam', parameters={requestParam=[foo]}, port=8080, protocol=http, queryString='requestParam=foo', serverVersionInfo='null', uri='/sources/v5_0/requestParam', version=HTTP/1.1}, properties={data=, entrypointType=HTTP, entrypointSignature=com.contrastsecurity.testapp.v5.PolicyController$SourceEndpoints.requestParam(java.lang.String)}, events=[]}
VulnerabilityDTM{hash=1906048273, ruleId='hsts-header-missing', evidence='null', request=HttpRequestDTM{body='null', contextPath='/', headers={Accept-Encoding=[gzip], Connection=[Keep-Alive], Content-Length=[11], Content-Type=[plain/text; charset=utf-8], contrast-mq-name=[-00001-SpringWebFluxIT.it_tests_sources_V5], cookie=[cookie=cookieVal], header=[headerVal], Host=[localhost:35728], User-Agent=[okhttp/4.9.1]}, method='POST', standardNormalizedUri='/sources/v5_0/requestParam', parameters={requestParam=[foo]}, port=8080, protocol=http, queryString='requestParam=foo', serverVersionInfo='null', uri='/sources/v5_0/requestParam', version=HTTP/1.1}, properties={data=-1, entrypointType=HTTP, entrypointSignature=com.contrastsecurity.testapp.v5.PolicyController$SourceEndpoints.requestParam(java.lang.String)}, events=[]}
VulnerabilityDTM{hash=116267389, ruleId='xcontenttype-header-missing', evidence='null', request=HttpRequestDTM{body='null', contextPath='/', headers={Accept-Encoding=[gzip], Connection=[Keep-Alive], Content-Length=[11], Content-Type=[plain/text; charset=utf-8], contrast-mq-name=[-00001-SpringWebFluxIT.it_tests_sources_V5], cookie=[cookie=cookieVal], header=[headerVal], Host=[localhost:35728], User-Agent=[okhttp/4.9.1]}, method='POST', standardNormalizedUri='/sources/v5_0/requestParam', parameters={requestParam=[foo]}, port=8080, protocol=http, queryString='requestParam=foo', serverVersionInfo='null', uri='/sources/v5_0/requestParam', version=HTTP/1.1}, properties={data=, entrypointType=HTTP, entrypointSignature=com.contrastsecurity.testapp.v5.PolicyController$SourceEndpoints.requestParam(java.lang.String)}, events=[]}

{acceptance-test-lifecycle:start=container-health-check}
{acceptance-test-lifecycle:end=container-health-check}
{acceptance-test-lifecycle:start=pull-image}
{acceptance-test-lifecycle:end=pull-image}
{acceptance-test-lifecycle:end=stop-container}
{acceptance-test-lifecycle:start=stop-container}
{acceptance-test-lifecycle:start=run-tests}
{acceptance-test-lifecycle:start=start-container}
{prominent=Test Image 575653897988.dkr.ecr.us-east-1.amazonaws.com/contrast/spring-webflux-5:2.1.18.RELEASE-rev13}
{value=Test application ready container-id=ec415fc71f7d197deaac74f96496b4c9c8d1ae5180031b20923e79888ddd3bf4}
{acceptance-test-lifecycle:start=acquire-semaphore}
{acceptance-test-lifecycle:end=acquire-semaphore}
{prominent=Logs viewable at /home/ec2-user/actions-runner/_work/java-agent/java-agent/acceptance-tests/build/reports/container-logs/com.contrastsecurity.agent.test.assess.spring.async.SpringWebFluxIT_V5_1-20241011T192927.728/SpringWebFluxIT_V5_1-20241011T192927.728-ec415fc71f7d.out, /home/ec2-user/actions-runner/_work/java-agent/java-agent/acceptance-tests/build/reports/container-logs/com.contrastsecurity.agent.test.assess.spring.async.SpringWebFluxIT_V5_1-20241011T192927.728/SpringWebFluxIT_V5_1-20241011T192927.728-ec415fc71f7d.err}
{acceptance-test-lifecycle:end=start-container}
{acceptance-test-lifecycle:end=run-tests}
]]></system-out>
<system-err><![CDATA[

]]></system-err>
<vulnerability-findings></vulnerability-findings></testcase>
<testcase name="it_tests_sources_V5(String, MethodDescriptor, TagRanges, RequestBodyType, MQConsumer, HTTPEndpoint, OkHttpClient)[3]" classname="com.contrastsecurity.agent.test.assess.spring.async.SpringWebFluxIT$V5_1" time="15.21">
<failure message="
Expecting any element of:
  java.util.stream.ReferencePipeline$15@465596c4
to satisfy the given assertions requirements but none did:

" type="java.lang.AssertionError"><![CDATA[Logs viewable at /home/ec2-user/actions-runner/_work/java-agent/java-agent/acceptance-tests/build/reports/container-logs/com.contrastsecurity.agent.test.assess.spring.async.SpringWebFluxIT_V5_1-20241011T192927.728/SpringWebFluxIT_V5_1-20241011T192927.728-ec415fc71f7d.out, /home/ec2-user/actions-runner/_work/java-agent/java-agent/acceptance-tests/build/reports/container-logs/com.contrastsecurity.agent.test.assess.spring.async.SpringWebFluxIT_V5_1-20241011T192927.728/SpringWebFluxIT_V5_1-20241011T192927.728-ec415fc71f7d.err
Test Image 575653897988.dkr.ecr.us-east-1.amazonaws.com/contrast/spring-webflux-5:2.1.18.RELEASE-rev13
😳 This test has known reliability issues and we're working on it - see https://contrast.atlassian.net/browse/JAVA-6895

java.lang.AssertionError: 
Expecting any element of:
  java.util.stream.ReferencePipeline$15@465596c4
to satisfy the given assertions requirements but none did:


	at com.contrastsecurity.agent.test.assess.spring.async.SpringWebFluxIT.doSourceTest(SpringWebFluxIT.java:354)
	at com.contrastsecurity.agent.test.assess.spring.async.SpringWebFluxIT.it_tests_sources_V5(SpringWebFluxIT.java:206)
	at java.base/jdk.internal.reflect.NativeMethodAccessorImpl.invoke0(Native Method)
	at java.base/jdk.internal.reflect.NativeMethodAccessorImpl.invoke(NativeMethodAccessorImpl.java:77)
	at java.base/jdk.internal.reflect.DelegatingMethodAccessorImpl.invoke(DelegatingMethodAccessorImpl.java:43)
	at java.base/java.lang.reflect.Method.invoke(Method.java:569)
	at org.junit.platform.commons.util.ReflectionUtils.invokeMethod(ReflectionUtils.java:727)
	at org.junit.jupiter.engine.execution.MethodInvocation.proceed(MethodInvocation.java:60)
	at org.junit.jupiter.engine.execution.InvocationInterceptorChain$ValidatingInvocation.proceed(InvocationInterceptorChain.java:131)
	at org.junit.jupiter.engine.extension.TimeoutExtension.intercept(TimeoutExtension.java:156)
	at org.junit.jupiter.engine.extension.TimeoutExtension.interceptTestableMethod(TimeoutExtension.java:147)
	at org.junit.jupiter.engine.extension.TimeoutExtension.interceptTestTemplateMethod(TimeoutExtension.java:94)
	at org.junit.jupiter.engine.execution.InterceptingExecutableInvoker$ReflectiveInterceptorCall.lambda$ofVoidMethod$0(InterceptingExecutableInvoker.java:103)
	at org.junit.jupiter.engine.execution.InterceptingExecutableInvoker.lambda$invoke$0(InterceptingExecutableInvoker.java:93)
	at org.junit.jupiter.engine.execution.InvocationInterceptorChain$InterceptedInvocation.proceed(InvocationInterceptorChain.java:106)
	at org.junit.jupiter.engine.execution.InvocationInterceptorChain.proceed(InvocationInterceptorChain.java:64)
	at org.junit.jupiter.engine.execution.InvocationInterceptorChain.chainAndInvoke(InvocationInterceptorChain.java:45)
	at org.junit.jupiter.engine.execution.InvocationInterceptorChain.invoke(InvocationInterceptorChain.java:37)
	at org.junit.jupiter.engine.execution.InterceptingExecutableInvoker.invoke(InterceptingExecutableInvoker.java:92)
	at org.junit.jupiter.engine.execution.InterceptingExecutableInvoker.invoke(InterceptingExecutableInvoker.java:86)
	at org.junit.jupiter.engine.descriptor.TestMethodTestDescriptor.lambda$invokeTestMethod$7(TestMethodTestDescriptor.java:217)
	at org.junit.platform.engine.support.hierarchical.ThrowableCollector.execute(ThrowableCollector.java:73)
	at org.junit.jupiter.engine.descriptor.TestMethodTestDescriptor.invokeTestMethod(TestMethodTestDescriptor.java:213)
	at org.junit.jupiter.engine.descriptor.TestMethodTestDescriptor.execute(TestMethodTestDescriptor.java:138)
	at org.junit.jupiter.engine.descriptor.TestMethodTestDescriptor.execute(TestMethodTestDescriptor.java:68)
	at org.junit.platform.engine.support.hierarchical.NodeTestTask.lambda$executeRecursively$6(NodeTestTask.java:151)
	at org.junit.platform.engine.support.hierarchical.ThrowableCollector.execute(ThrowableCollector.java:73)
	at org.junit.platform.engine.support.hierarchical.NodeTestTask.lambda$executeRecursively$8(NodeTestTask.java:141)
	at org.junit.platform.engine.support.hierarchical.Node.around(Node.java:137)
	at org.junit.platform.engine.support.hierarchical.NodeTestTask.lambda$executeRecursively$9(NodeTestTask.java:139)
	at org.junit.platform.engine.support.hierarchical.ThrowableCollector.execute(ThrowableCollector.java:73)
	at org.junit.platform.engine.support.hierarchical.NodeTestTask.executeRecursively(NodeTestTask.java:138)
	at org.junit.platform.engine.support.hierarchical.NodeTestTask.execute(NodeTestTask.java:95)
	at org.junit.platform.engine.support.hierarchical.ForkJoinPoolHierarchicalTestExecutorService$ExclusiveTask.compute(ForkJoinPoolHierarchicalTestExecutorService.java:185)
	at java.base/java.util.concurrent.RecursiveAction.exec(RecursiveAction.java:194)
	at java.base/java.util.concurrent.ForkJoinTask.doExec(ForkJoinTask.java:373)
	at java.base/java.util.concurrent.ForkJoinPool$WorkQueue.topLevelExec(ForkJoinPool.java:1182)
	at java.base/java.util.concurrent.ForkJoinPool.scan(ForkJoinPool.java:1655)
	at java.base/java.util.concurrent.ForkJoinPool.runWorker(ForkJoinPool.java:1622)
	at java.base/java.util.concurrent.ForkJoinWorkerThread.run(ForkJoinWorkerThread.java:165)
]]></failure>
<classifications><classification implementation="spring-webflux-5.1.19.RELEASE" use-case="Assess - Dataflow - HTTP Sources" stack="Spring Boot 2.1" contrast-agent-version="6.10.1.126" unique-id="[engine:junit-jupiter]/[class:com.contrastsecurity.agent.test.assess.spring.async.SpringWebFluxIT$V5_1]/[test-template:it_tests_sources_V5(java.lang.String, com.contrastsecurity.agent.test.assertions.MethodDescriptor, com.contrastsecurity.agent.test.assertions.TagRanges, com.contrastsecurity.agent.test.assess.spring.async.SpringWebFluxIT$RequestBodyType, com.contrastsecurity.agent.test.junit.containers.MQConsumer, com.contrastsecurity.agent.test.junit.containers.HTTPEndpoint, okhttp3.OkHttpClient)]/[test-template-invocation:#3]"/></classifications>
<system-out><![CDATA[
unique-id: [engine:junit-jupiter]/[class:com.contrastsecurity.agent.test.assess.spring.async.SpringWebFluxIT$V5_1]/[test-template:it_tests_sources_V5(java.lang.String, com.contrastsecurity.agent.test.assertions.MethodDescriptor, com.contrastsecurity.agent.test.assertions.TagRanges, com.contrastsecurity.agent.test.assess.spring.async.SpringWebFluxIT$RequestBodyType, com.contrastsecurity.agent.test.junit.containers.MQConsumer, com.contrastsecurity.agent.test.junit.containers.HTTPEndpoint, okhttp3.OkHttpClient)]/[test-template-invocation:#3]
display-name: [3] cookieValue, MethodDescriptor{anyArgs=false, isLambda=false, isProxy=false, classNames=[io.netty.handler.codec.http.DefaultHttpHeaders], methodName=getAll, argTypes=[java.lang.CharSequence]}, 0:9, PLAIN
Report Entry #1 (timestamp: 2024-10-11T19:29:53.595430865)
	- classification-use-case: Assess - Dataflow - HTTP Sources
Report Entry #2 (timestamp: 2024-10-11T19:29:53.597603463)
	- prominent: 😳 This test has known reliability issues and we're working on it - see https://contrast.atlassian.net/browse/JAVA-6895
Report Entry #3 (timestamp: 2024-10-11T19:29:53.598289591)
	- java-agent-version: 6.10.1.126
Report Entry #4 (timestamp: 2024-10-11T19:29:53.598894522)
	- classification-implementation: spring-webflux-5.1.19.RELEASE
Report Entry #5 (timestamp: 2024-10-11T19:29:53.600002587)
	- classification-stack: Spring Boot 2.1
Found vulnerabilities:

{acceptance-test-lifecycle:start=container-health-check}
{acceptance-test-lifecycle:end=container-health-check}
{acceptance-test-lifecycle:start=pull-image}
{acceptance-test-lifecycle:end=pull-image}
{acceptance-test-lifecycle:end=stop-container}
{acceptance-test-lifecycle:start=stop-container}
{acceptance-test-lifecycle:start=run-tests}
{acceptance-test-lifecycle:start=start-container}
{prominent=Test Image 575653897988.dkr.ecr.us-east-1.amazonaws.com/contrast/spring-webflux-5:2.1.18.RELEASE-rev13}
{value=Test application ready container-id=ec415fc71f7d197deaac74f96496b4c9c8d1ae5180031b20923e79888ddd3bf4}
{acceptance-test-lifecycle:start=acquire-semaphore}
{acceptance-test-lifecycle:end=acquire-semaphore}
{prominent=Logs viewable at /home/ec2-user/actions-runner/_work/java-agent/java-agent/acceptance-tests/build/reports/container-logs/com.contrastsecurity.agent.test.assess.spring.async.SpringWebFluxIT_V5_1-20241011T192927.728/SpringWebFluxIT_V5_1-20241011T192927.728-ec415fc71f7d.out, /home/ec2-user/actions-runner/_work/java-agent/java-agent/acceptance-tests/build/reports/container-logs/com.contrastsecurity.agent.test.assess.spring.async.SpringWebFluxIT_V5_1-20241011T192927.728/SpringWebFluxIT_V5_1-20241011T192927.728-ec415fc71f7d.err}
{acceptance-test-lifecycle:end=start-container}
{acceptance-test-lifecycle:end=run-tests}
]]></system-out>
<system-err><![CDATA[

]]></system-err>
<vulnerability-findings></vulnerability-findings></testcase>
<system-out><![CDATA[
unique-id: [engine:junit-jupiter]
display-name: JUnit Jupiter
]]></system-out>
</testsuite>
